
	            G L O B A L   R E F E R E N C E S

	             Name               Value        Type
	==============================|=======|===============
	CR                               000A         CONSTANT
	FIM_TEXTO                        0040         CONSTANT
	PULA_LINHA                       0023         CONSTANT
	IO_READ                          FFFF         CONSTANT
	IO_WRITE                         FFFE         CONSTANT
	IO_STATUS                        FFFD         CONSTANT
	INITIAL_SP                       FDFF         CONSTANT
	CURSOR                           FFFC         CONSTANT
	CURSOR_INIT                      FFFF         CONSTANT
	INTERRUPTOR                      FFF9         CONSTANT
	WIN_CONDITION                    000A         CONSTANT
	ROW_POSITION                     0000         CONSTANT
	COL_POSITION                     0000         CONSTANT
	ROW_SHIFT                        0008         CONSTANT
	COLUMN_SHIFT                     0008         CONSTANT
	TIMER_START                      FFF7         CONSTANT
	TIMER_INTERVAL                   FFF6         CONSTANT
	TIMER_MS                         0003         CONSTANT
	MAX_ROWS                         0018         CONSTANT
	MAX_COLS                         0050         CONSTANT
	WALL_TOP                         0001         CONSTANT
	WALL_BOTTOM                      0017         CONSTANT
	WALL_RIGHT                       004F         CONSTANT
	WALL_LEFT                        0000         CONSTANT
	UP                               0000         CONSTANT
	LEFT                             0001         CONSTANT
	DOWN                             0002         CONSTANT
	RIGHT                            0003         CONSTANT
	SNAKE_HEAD                       0058         CONSTANT
	EMPTY_SPACE                      0020         CONSTANT
	FOOD                             006F         CONSTANT
	RND_MASK                         8016         CONSTANT
	LSB_MASK                         0001         CONSTANT
	Mapa0                            8000           STRING
	Mapa1                            8050           STRING
	Mapa2                            80A0           STRING
	Mapa3                            80F0           STRING
	Mapa4                            8140           STRING
	Mapa5                            8190           STRING
	Mapa6                            81E0           STRING
	Mapa7                            8230           STRING
	Mapa8                            8280           STRING
	Mapa9                            82D0           STRING
	Mapa10                           8320           STRING
	Mapa11                           8370           STRING
	Mapa12                           83C0           STRING
	Mapa13                           8410           STRING
	Mapa14                           8460           STRING
	Mapa15                           84B0           STRING
	Mapa16                           8500           STRING
	Mapa17                           8550           STRING
	Mapa18                           85A0           STRING
	Mapa19                           85F0           STRING
	Mapa20                           8640           STRING
	Mapa21                           8690           STRING
	Mapa22                           86E0           STRING
	Mapa23                           8730           STRING
	FimTexto0                        8781           STRING
	FimTexto1                        878D           STRING
	WinTexto                         879A           STRING
	Score                            87B1         VARIABLE
	ScoreU                           87B2         VARIABLE
	ScoreD                           87B3         VARIABLE
	ScoreC                           87B4         VARIABLE
	SnakeRow                         87B5         VARIABLE
	SnakeCol                         87B6         VARIABLE
	FoodRow                          87B7         VARIABLE
	FoodCol                          87B8         VARIABLE
	SnakeHead                        87B9         VARIABLE
	SnakeTail                        87BA         VARIABLE
	TextIndex                        87BB         VARIABLE
	Caracter                         87BC         VARIABLE
	LastAction                       87BD         VARIABLE
	LinhaCursor                      87BE         VARIABLE
	ColunaCursor                     87BF         VARIABLE
	PosCursor                        87C0         VARIABLE
	Random_Var                       87C1         VARIABLE
	INT0                             FE00         VARIABLE
	INT1                             FE01         VARIABLE
	INT2                             FE02         VARIABLE
	INT3                             FE03         VARIABLE
	INT15                            FE0F         VARIABLE
	EndGame                          0002            LABEL
	Loop_EndGame                     000D            LABEL
	Linha_EndGame                    0028            LABEL
	Fim_EndGame                      002F            LABEL
	WinGame                          0034            LABEL
	Loop_WinGame                     003F            LABEL
	Fim_WinGame                      0053            LABEL
	ImprimeCaracterV2                0058            LABEL
	ImprimeCaracter                  0063            LABEL
	ImprimeMapa                      0074            LABEL
	Loop1                            007C            LABEL
	MudaLinha                        0098            LABEL
	FimImprimeMapa                   009D            LABEL
	MoveUp                           00A2            LABEL
	FimMoveUp                        00CA            LABEL
	MoveLeft                         00CE            LABEL
	FimMoveLeft                      00F6            LABEL
	MoveDown                         00FA            LABEL
	FimMoveDown                      0122            LABEL
	MoveRight                        0126            LABEL
	FimMoveRight                     014E            LABEL
	StartTimer                       0152            LABEL
	PressUp                          015D            LABEL
	FimPressUp                       0168            LABEL
	PressLeft                        016A            LABEL
	FimPressLeft                     0175            LABEL
	PressDown                        0177            LABEL
	FimPressDown                     0182            LABEL
	PressRight                       0184            LABEL
	FimPressRight                    018F            LABEL
	EatFood                          0191            LABEL
	RepeatAction                     01AA            LABEL
	FimRepeatAction                  01C3            LABEL
	RandomV1                         01C9            LABEL
	Rnd_Rotate                       01D3            LABEL
	UpdateScore                      01D7            LABEL
	ChangeDecimal                    01E4            LABEL
	ChangeCentesimal                 01F2            LABEL
	PrintScore                       01F8            LABEL
	SpawnFood                        0222            LABEL
	GenerateFood                     0224            LABEL
	Main                             025C            LABEL
	Cycle                            026C            LABEL
	Halt                             026D            LABEL
